0 silly argv {
0 silly argv   _: [ 'publish' ],
0 silly argv   composed: 'publish',
0 silly argv   lernaVersion: '4.0.0',
0 silly argv   '$0': 'node_modules\\lerna\\cli.js'
0 silly argv }
1 notice cli v4.0.0
2 verbose rootPath C:\Users\HuyTran\Documents\demo\vin-toolkit
3 info versioning independent
4 error JSONError: Unexpected token "<" (0x3C) in JSON at position 32 while parsing near "... \"@vinswap/uikit\",\r\n<<<<<<< HEAD\r\n  \"ver..." in packages\vin-uikit\package.json
4 error
4 error   1 | {
4 error   2 |   "name": "@vinswap/uikit",
4 error > 3 | <<<<<<< HEAD
4 error     | ^
4 error   4 |   "version": "0.0.4",
4 error   5 | =======
4 error   6 |   "version": "0.0.2",
4 error
4 error     at parseJson (C:\Users\HuyTran\Documents\demo\vin-toolkit\node_modules\parse-json\index.js:29:21)
4 error     at parse (C:\Users\HuyTran\Documents\demo\vin-toolkit\node_modules\load-json-file\index.js:15:9)
4 error     at module.exports (C:\Users\HuyTran\Documents\demo\vin-toolkit\node_modules\load-json-file\index.js:18:47)
